<?xml version="1.0" encoding="UTF-8"?>
<!-- Generated by org.testng.reporters.JUnitReportReporter -->
<testsuite hostname="MouliTheMagnificent" failures="0" tests="1" name="JDBC.practice.VerifyTheTableTest" time="0.580" errors="0" timestamp="2021-10-28T12:11:17 IST" skipped="0">
  <testcase classname="JDBC.practice.VerifyTheTableTest" name="verifyTheTableTest" time="0.580"/>
  <system-out/>
</testsuite> <!-- JDBC.practice.VerifyTheTableTest -->
