<?xml version="1.0" encoding="UTF-8"?>
<!-- Generated by org.testng.reporters.JUnitReportReporter -->
<testsuite hostname="MouliTheMagnificent" failures="0" tests="1" name="TestScripts_21_25.SearchByAlphabets" time="25.289" errors="0" timestamp="2021-11-15T15:11:24 IST" skipped="0">
  <testcase classname="TestScripts_21_25.SearchByAlphabets" name="searchByAlphabets" time="25.289"/>
  <system-out/>
</testsuite> <!-- TestScripts_21_25.SearchByAlphabets -->
