<?xml version="1.0" encoding="UTF-8"?>
<!-- Generated by org.testng.reporters.JUnitReportReporter -->
<testsuite hostname="MouliTheMagnificent" failures="0" tests="2" name="SampleTestAnnotations" time="0.013" errors="0" timestamp="2021-11-01T11:51:45 IST" skipped="0">
  <testcase classname="SampleTestAnnotations" name="modifyOrg" time="0.003"/>
  <system-out/>
  <testcase classname="SampleTestAnnotations" name="createOrg" time="0.010"/>
  <system-out/>
</testsuite> <!-- SampleTestAnnotations -->
