<?xml version="1.0" encoding="UTF-8"?>
<!-- Generated by org.testng.reporters.JUnitReportReporter -->
<testsuite hostname="MouliTheMagnificent" failures="0" tests="3" name="PriorityTest" time="0.013" errors="0" timestamp="2021-11-01T16:58:05 IST" skipped="1">
  <testcase classname="PriorityTest" name="fun" time="0.002"/>
  <system-out/>
  <testcase classname="PriorityTest" name="gun" time="0.011"/>
  <system-out/>
  <testcase classname="PriorityTest" name="run">
    <skipped/>
  </testcase> <!-- run -->
  <system-out/>
</testsuite> <!-- PriorityTest -->
