<?xml version="1.0" encoding="UTF-8"?>
<!-- Generated by org.testng.reporters.JUnitReportReporter -->
<testsuite hostname="MouliTheMagnificent" failures="0" tests="3" name="TestScripts_21_25.DataProviderTest" time="0.011" errors="0" timestamp="2021-11-02T17:59:11 IST" skipped="0">
  <testcase classname="TestScripts_21_25.DataProviderTest" name="details" time="0.001"/>
  <system-out>
    <![CDATA[Name of the user: Arjun Amount is :456]]>
  </system-out>
  <testcase classname="TestScripts_21_25.DataProviderTest" name="details" time="0.009"/>
  <system-out>
    <![CDATA[Name of the user: Mouli Amount is :123]]>
  </system-out>
  <testcase classname="TestScripts_21_25.DataProviderTest" name="details" time="0.001"/>
  <system-out>
    <![CDATA[Name of the user: Satya Amount is :789]]>
  </system-out>
</testsuite> <!-- TestScripts_21_25.DataProviderTest -->
