<?xml version="1.0" encoding="UTF-8"?>
<!-- Generated by org.testng.reporters.JUnitReportReporter -->
<testsuite hostname="MouliTheMagnificent" failures="0" tests="4" name="practice.Calender" time="132.750" errors="0" timestamp="2021-11-10T15:58:45 IST" skipped="0">
  <testcase classname="practice.Calender" name="mmt" time="38.621"/>
  <system-out/>
  <testcase classname="practice.Calender" name="mmt" time="32.252"/>
  <system-out/>
  <testcase classname="practice.Calender" name="mmt" time="31.389"/>
  <system-out/>
  <testcase classname="practice.Calender" name="mmt" time="30.488"/>
  <system-out/>
</testsuite> <!-- practice.Calender -->
