<?xml version="1.0" encoding="UTF-8"?>
<!-- Generated by org.testng.reporters.JUnitReportReporter -->
<testsuite hostname="MouliTheMagnificent" failures="0" tests="1" name="TestScripts_21_25.CreateFilter" time="21.556" errors="0" timestamp="2021-10-31T22:26:11 IST" skipped="0">
  <testcase classname="TestScripts_21_25.CreateFilter" name="searchByAlphabets" time="21.556"/>
  <system-out/>
</testsuite> <!-- TestScripts_21_25.CreateFilter -->
