<?xml version="1.0" encoding="UTF-8"?>
<!-- Generated by org.testng.reporters.JUnitReportReporter -->
<testsuite hostname="MouliTheMagnificent" failures="0" tests="1" name="JDBC.practice.ExecuteUpdate" time="0.569" errors="0" timestamp="2021-10-28T12:20:01 IST" skipped="0">
  <testcase classname="JDBC.practice.ExecuteUpdate" name="executeUpate" time="0.569"/>
  <system-out/>
</testsuite> <!-- JDBC.practice.ExecuteUpdate -->
