<?xml version="1.0" encoding="UTF-8"?>
<!-- Generated by org.testng.reporters.JUnitReportReporter -->
<testsuite hostname="MouliTheMagnificent" failures="0" tests="1" name="JDBC.practice.ExecuteQuery" time="0.908" errors="0" timestamp="2021-10-27T16:22:09 IST" skipped="0">
  <testcase classname="JDBC.practice.ExecuteQuery" name="executeQueryTest" time="0.908"/>
  <system-out/>
</testsuite> <!-- JDBC.practice.ExecuteQuery -->
