<?xml version="1.0" encoding="UTF-8"?>
<!-- Generated by org.testng.reporters.JUnitReportReporter -->
<testsuite hostname="MouliTheMagnificent" failures="0" tests="1" name="TestScripts_21_25.CreateFilterByNewThisWeek" time="18.595" errors="0" timestamp="2021-10-31T22:28:04 IST" skipped="0">
  <testcase classname="TestScripts_21_25.CreateFilterByNewThisWeek" name="searchByAlphabets" time="18.595"/>
  <system-out/>
</testsuite> <!-- TestScripts_21_25.CreateFilterByNewThisWeek -->
